Build started 4/17/2015 11:36:25 PM.
     1>Project "C:\Users\venkatakarthikeya\Desktop\Proj3\sockets2\ClientExecutive\ClientExecutive.vcxproj" on node 4 (Rebuild target(s)).
     1>ClCompile:
         C:\Program Files (x86)\Microsoft Visual Studio 12.0\VC\bin\CL.exe /c /ZI /nologo /W3 /WX- /sdl /Od /Oy- /D WIN32 /D _DEBUG /D _CONSOLE /D _LIB /D _UNICODE /D UNICODE /Gm /EHsc /RTC1 /MDd /GS /fp:precise /Zc:wchar_t /Zc:forScope /Fo"Debug\\" /Fd"Debug\vc120.pdb" /Gd /TP /analyze- /errorReport:prompt ..\ApplicationHelpers\AppHelpers.cpp ..\Display\Display.cpp ..\Encoder\Base64.cpp ..\FileSystemDemo\FileSystem.cpp ..\Receiver\Receiver.cpp ..\Sender\Sender.cpp ..\Sockets\Sockets.cpp Peer1.cpp
         Peer1.cpp
         Sockets.cpp
         Sender.cpp
         Receiver.cpp
         FileSystem.cpp
         Base64.cpp
         Display.cpp
         AppHelpers.cpp
         Generating Code...
       Link:
         C:\Program Files (x86)\Microsoft Visual Studio 12.0\VC\bin\link.exe /ERRORREPORT:PROMPT /OUT:"C:\Users\venkatakarthikeya\Desktop\Proj3\sockets2\Debug\Peer1.exe" /INCREMENTAL /NOLOGO kernel32.lib user32.lib gdi32.lib winspool.lib comdlg32.lib advapi32.lib shell32.lib ole32.lib oleaut32.lib uuid.lib odbc32.lib odbccp32.lib /MANIFEST /MANIFESTUAC:"level='asInvoker' uiAccess='false'" /manifest:embed /DEBUG /PDB:"C:\Users\venkatakarthikeya\Desktop\Proj3\sockets2\Debug\Peer1.pdb" /SUBSYSTEM:CONSOLE /TLBID:1 /DYNAMICBASE /NXCOMPAT /IMPLIB:"C:\Users\venkatakarthikeya\Desktop\Proj3\sockets2\Debug\Peer1.lib" /MACHINE:X86 Debug\AppHelpers.obj
         Debug\Display.obj
         Debug\Base64.obj
         Debug\FileSystem.obj
         Debug\Receiver.obj
         Debug\Sender.obj
         Debug\Sockets.obj
         Debug\Peer1.obj
         ClientExecutive.vcxproj -> C:\Users\venkatakarthikeya\Desktop\Proj3\sockets2\Debug\Peer1.exe
     1>Done Building Project "C:\Users\venkatakarthikeya\Desktop\Proj3\sockets2\ClientExecutive\ClientExecutive.vcxproj" (Rebuild target(s)).

Build succeeded.

Time Elapsed 00:00:09.65
